DATE: Tuesday 08 October 2013 08:34:05.068
THR: AWT-EventQueue-0
java.io.IOException: Error from WDB server: null
	at com.mentor.jeda.jwdb.JwdbDataChan.getRemoteData(JwdbDataChan.java:655)
	at com.mentor.jeda.jwdb.JwdbRetriever.a(JwdbRetriever.java:2793)
	at com.mentor.jeda.jwdb.JwdbRetriever.getMinMaxY(JwdbRetriever.java:718)
	at com.mentor.jeda.wve.WveRendererSmooth.isWaveformUnderPoint(WveRendererSmooth.java:1186)
	at com.mentor.jeda.wve.WveWaveformArea.updateDueToMouseMove(WveWaveformArea.java:484)
	at com.mentor.jeda.wve.WveBaseArea$AreaMouseMotionListener.mouseMoved(WveBaseArea.java:1402)
	at java.awt.AWTEventMulticaster.mouseMoved(Unknown Source)
	at java.awt.AWTEventMulticaster.mouseMoved(Unknown Source)
	at java.awt.AWTEventMulticaster.mouseMoved(Unknown Source)
	at java.awt.Component.processMouseMotionEvent(Unknown Source)
	at javax.swing.JComponent.processMouseMotionEvent(Unknown Source)
	at java.awt.Component.processEvent(Unknown Source)
	at java.awt.Container.processEvent(Unknown Source)
	at java.awt.Component.dispatchEventImpl(Unknown Source)
	at java.awt.Container.dispatchEventImpl(Unknown Source)
	at java.awt.Component.dispatchEvent(Unknown Source)
	at java.awt.LightweightDispatcher.retargetMouseEvent(Unknown Source)
	at java.awt.LightweightDispatcher.processMouseEvent(Unknown Source)
	at java.awt.LightweightDispatcher.dispatchEvent(Unknown Source)
	at java.awt.Container.dispatchEventImpl(Unknown Source)
	at java.awt.Window.dispatchEventImpl(Unknown Source)
	at java.awt.Component.dispatchEvent(Unknown Source)
	at java.awt.EventQueue.dispatchEvent(Unknown Source)
	at java.awt.EventDispatchThread.pumpOneEventForHierarchy(Unknown Source)
	at java.awt.EventDispatchThread.pumpEventsForHierarchy(Unknown Source)
	at java.awt.EventDispatchThread.pumpEvents(Unknown Source)
	at java.awt.EventDispatchThread.pumpEvents(Unknown Source)
	at java.awt.EventDispatchThread.run(Unknown Source)

