START report: Wed Nov 27 13:54:00 2013 
Error: (eldo - 1577)  In file "./SCF_ota_eldonet.spi" line 12:
+   OBJECT "M25": Model P_18_MM not yet defined.
Error: (eldo - 1577)  In file "./SCF_ota_eldonet.spi" line 12:
+   OBJECT "M25": Model P_18_MM not yet defined.
Error: (eldo - 1577)  In file "./SCF_ota_eldonet.spi" line 14:
+   OBJECT "M3": Model N_18_MM not yet defined.
Error: (eldo - 1577)  In file "./SCF_ota_eldonet.spi" line 14:
+   OBJECT "M3": Model N_18_MM not yet defined.
Error: (eldo - 1577)  In file "./SCF_ota_eldonet.spi" line 16:
+   OBJECT "M21": Model N_18_MM not yet defined.
Error: (eldo - 1577)  In file "./SCF_ota_eldonet.spi" line 16:
+   OBJECT "M21": Model N_18_MM not yet defined.
Error: (eldo - 1577)  In file "./SCF_ota_eldonet.spi" line 18:
+   OBJECT "M7": Model P_18_MM not yet defined.
Error: (eldo - 1577)  In file "./SCF_ota_eldonet.spi" line 18:
+   OBJECT "M7": Model P_18_MM not yet defined.
Error: (eldo - 1577)  In file "./SCF_ota_eldonet.spi" line 20:
+   OBJECT "M13": Model N_18_MM not yet defined.
Error: (eldo - 1577)  In file "./SCF_ota_eldonet.spi" line 20:
+   OBJECT "M13": Model N_18_MM not yet defined.
Error: (eldo - 1577)  In file "./SCF_ota_eldonet.spi" line 22:
+   OBJECT "M19": Model N_18_MM not yet defined.
Error: (eldo - 1577)  In file "./SCF_ota_eldonet.spi" line 22:
+   OBJECT "M19": Model N_18_MM not yet defined.
Error: (eldo - 1577)  In file "./SCF_ota_eldonet.spi" line 24:
+   OBJECT "M3B": Model N_18_MM not yet defined.
Error: (eldo - 1577)  In file "./SCF_ota_eldonet.spi" line 24:
+   OBJECT "M3B": Model N_18_MM not yet defined.
Error: (eldo - 1577)  In file "./SCF_ota_eldonet.spi" line 26:
+   OBJECT "M10": Model P_18_MM not yet defined.
Error: (eldo - 1577)  In file "./SCF_ota_eldonet.spi" line 26:
+   OBJECT "M10": Model P_18_MM not yet defined.
Error: (eldo - 1577)  In file "./SCF_ota_eldonet.spi" line 28:
+   OBJECT "M9": Model P_18_MM not yet defined.
Error: (eldo - 1577)  In file "./SCF_ota_eldonet.spi" line 28:
+   OBJECT "M9": Model P_18_MM not yet defined.
Error: (eldo - 1577)  In file "./SCF_ota_eldonet.spi" line 30:
+   OBJECT "M15": Model P_18_MM not yet defined.
Error: (eldo - 1577)  In file "./SCF_ota_eldonet.spi" line 30:
+   OBJECT "M15": Model P_18_MM not yet defined.
Error: (eldo - 1577)  In file "./SCF_ota_eldonet.spi" line 32:
+   OBJECT "M11": Model N_18_MM not yet defined.
Error: (eldo - 1577)  In file "./SCF_ota_eldonet.spi" line 32:
+   OBJECT "M11": Model N_18_MM not yet defined.
Error: (eldo - 1577)  In file "./SCF_ota_eldonet.spi" line 34:
+   OBJECT "M12": Model N_18_MM not yet defined.
Error: (eldo - 1577)  In file "./SCF_ota_eldonet.spi" line 34:
+   OBJECT "M12": Model N_18_MM not yet defined.
Error: (eldo - 1577)  In file "./SCF_ota_eldonet.spi" line 36:
+   OBJECT "M28": Model N_18_MM not yet defined.
Error: (eldo - 1577)  In file "./SCF_ota_eldonet.spi" line 36:
+   OBJECT "M28": Model N_18_MM not yet defined.
Error: (eldo - 1577)  In file "./SCF_ota_eldonet.spi" line 38:
+   OBJECT "M6": Model P_18_MM not yet defined.
Error: (eldo - 1577)  In file "./SCF_ota_eldonet.spi" line 38:
+   OBJECT "M6": Model P_18_MM not yet defined.
Error: (eldo - 1577)  In file "./SCF_ota_eldonet.spi" line 40:
+   OBJECT "M8": Model P_18_MM not yet defined.
Error: (eldo - 1577)  In file "./SCF_ota_eldonet.spi" line 40:
+   OBJECT "M8": Model P_18_MM not yet defined.
Error: (eldo - 1577)  In file "./SCF_ota_eldonet.spi" line 42:
+   OBJECT "M18": Model N_18_MM not yet defined.
Error: (eldo - 1577)  In file "./SCF_ota_eldonet.spi" line 42:
+   OBJECT "M18": Model N_18_MM not yet defined.
Error: (eldo - 1577)  In file "./SCF_ota_eldonet.spi" line 44:
+   OBJECT "M5": Model N_18_MM not yet defined.
Error: (eldo - 1577)  In file "./SCF_ota_eldonet.spi" line 44:
+   OBJECT "M5": Model N_18_MM not yet defined.
Error: (eldo - 1577)  In file "./SCF_ota_eldonet.spi" line 46:
+   OBJECT "M20": Model P_18_MM not yet defined.
Error: (eldo - 1577)  In file "./SCF_ota_eldonet.spi" line 46:
+   OBJECT "M20": Model P_18_MM not yet defined.
Error: (eldo - 1577)  In file "./SCF_ota_eldonet.spi" line 48:
+   OBJECT "M31": Model N_18_MM not yet defined.
Error: (eldo - 1577)  In file "./SCF_ota_eldonet.spi" line 48:
+   OBJECT "M31": Model N_18_MM not yet defined.
Error: (eldo - 1577)  In file "./SCF_ota_eldonet.spi" line 50:
+   OBJECT "M29": Model N_18_MM not yet defined.
Error: (eldo - 1577)  In file "./SCF_ota_eldonet.spi" line 50:
+   OBJECT "M29": Model N_18_MM not yet defined.
Error: (eldo - 1577)  In file "./SCF_ota_eldonet.spi" line 52:
+   OBJECT "M27": Model N_18_MM not yet defined.
Error: (eldo - 1577)  In file "./SCF_ota_eldonet.spi" line 52:
+   OBJECT "M27": Model N_18_MM not yet defined.
Error: (eldo - 1577)  In file "./SCF_ota_eldonet.spi" line 54:
+   OBJECT "M26": Model N_18_MM not yet defined.
Error: (eldo - 1577)  In file "./SCF_ota_eldonet.spi" line 54:
+   OBJECT "M26": Model N_18_MM not yet defined.
Error: (eldo - 1577)  In file "./SCF_ota_eldonet.spi" line 56:
+   OBJECT "M16": Model P_18_MM not yet defined.
Error: (eldo - 1577)  In file "./SCF_ota_eldonet.spi" line 56:
+   OBJECT "M16": Model P_18_MM not yet defined.
Error: (eldo - 1577)  In file "./SCF_ota_eldonet.spi" line 58:
+   OBJECT "M1A": Model P_18_MM not yet defined.
Error: (eldo - 1577)  In file "./SCF_ota_eldonet.spi" line 58:
+   OBJECT "M1A": Model P_18_MM not yet defined.
Error: (eldo - 1577)  In file "./SCF_ota_eldonet.spi" line 60:
+   OBJECT "M1": Model P_18_MM not yet defined.
Error: (eldo - 1577)  In file "./SCF_ota_eldonet.spi" line 60:
+   OBJECT "M1": Model P_18_MM not yet defined.
Error: (eldo - 1577)  In file "./SCF_ota_eldonet.spi" line 62:
+   OBJECT "M22": Model P_18_MM not yet defined.
Error: (eldo - 1577)  In file "./SCF_ota_eldonet.spi" line 62:
+   OBJECT "M22": Model P_18_MM not yet defined.
Error: (eldo - 1577)  In file "./SCF_ota_eldonet.spi" line 64:
+   OBJECT "M17": Model P_18_MM not yet defined.
Error: (eldo - 1577)  In file "./SCF_ota_eldonet.spi" line 64:
+   OBJECT "M17": Model P_18_MM not yet defined.
Error: (eldo - 1577)  In file "./SCF_ota_eldonet.spi" line 66:
+   OBJECT "M23": Model P_18_MM not yet defined.
Error: (eldo - 1577)  In file "./SCF_ota_eldonet.spi" line 66:
+   OBJECT "M23": Model P_18_MM not yet defined.
Error: (eldo - 1577)  In file "./SCF_ota_eldonet.spi" line 68:
+   OBJECT "M30": Model N_18_MM not yet defined.
Error: (eldo - 1577)  In file "./SCF_ota_eldonet.spi" line 68:
+   OBJECT "M30": Model N_18_MM not yet defined.
Error: (eldo - 1577)  In file "./SCF_ota_eldonet.spi" line 70:
+   OBJECT "M24": Model N_18_MM not yet defined.
Error: (eldo - 1577)  In file "./SCF_ota_eldonet.spi" line 70:
+   OBJECT "M24": Model N_18_MM not yet defined.
Error: (eldo - 1577)  In file "./SCF_ota_eldonet.spi" line 72:
+   OBJECT "M2": Model P_18_MM not yet defined.
Error: (eldo - 1577)  In file "./SCF_ota_eldonet.spi" line 72:
+   OBJECT "M2": Model P_18_MM not yet defined.
Error: (eldo - 1577)  In file "./SCF_ota_eldonet.spi" line 74:
+   OBJECT "M0": Model P_18_MM not yet defined.
Error: (eldo - 1577)  In file "./SCF_ota_eldonet.spi" line 74:
+   OBJECT "M0": Model P_18_MM not yet defined.
Error: (eldo - 1577)  In file "./SCF_ota_eldonet.spi" line 76:
+   OBJECT "M14": Model N_18_MM not yet defined.
Error: (eldo - 1577)  In file "./SCF_ota_eldonet.spi" line 76:
+   OBJECT "M14": Model N_18_MM not yet defined.
Error: (eldo - 1577)  In file "./SCF_ota_eldonet.spi" line 78:
+   OBJECT "M4": Model N_18_MM not yet defined.
Error: (eldo - 1577)  In file "./SCF_ota_eldonet.spi" line 78:
+   OBJECT "M4": Model N_18_MM not yet defined.
