//  
//   --------------------------------------------------------------------------------------------------
//   -----                        GDSII STREAM DATA FOR TRANSLATED CELLS                          -----
//   --------------------------------------------------------------------------------------------------
//        CELL NAME                    PLACEMENTS   ARRAYS  POLYGONS   PATHS    TEXT   PROPERTY   NODES
//   --------------------------------------------------------------------------------------------------
//   M2M3                                     0        0        3        0        0        0        0
//   M1M2                                     0        0        3        0        0        0        0
//   MPOLY                                    0        0        3        0        0        0        0
//   M3M4                                     0        0        3        0        0        0        0
//   M4M5                                     0        0        3        0        0        0        0
//   M5M6                                     0        0        3        0        0        0        0
//   BUFFER                                   0        0    14040      974      611     1064        0
//  
//   -----------------------------------------TOTALS---------------------------------------------------
//                                     PLACEMENTS   ARRAYS  POLYGONS   PATHS    TEXT   PROPERTY   NODES
//   --------------------------------------------------------------------------------------------------
//   UNIQUE CELLS 7                           0        0    14058      974      611     1064        0
//   --------------------------------------------------------------------------------------------------
//   ERRORS:0  WARNINGS:0
//   --------------------------------------------------------------------------------------------------
//  Total time for write_gdsii: cpu=00000.01 secs    wall=00000.01 secs
