//  
//   --------------------------------------------------------------------------------------------------
//   -----                        GDSII STREAM DATA FOR TRANSLATED CELLS                          -----
//   --------------------------------------------------------------------------------------------------
//        CELL NAME                    PLACEMENTS   ARRAYS  POLYGONS   PATHS    TEXT   PROPERTY   NODES
//   --------------------------------------------------------------------------------------------------
//   M3M4                                     0        0        3        0        0        0        0
//   M1M2                                     0        0        3        0        0        0        0
//   MPOLY                                    0        0        3        0        0        0        0
//   M2M3                                     0        0        3        0        0        0        0
//   SCF_bias                                 0        0      484       38       75      141        0
//   switch_X4                                0        0      163       30       35       57        0
//   M5M6                                     0        0        3        0        0        0        0
//   M4M5                                     0        0        3        0        0        0        0
//   SCF_dcmfb                                8        0     3250       42       49       46        0
//   SCF_ota                                  0        0     5842      346      297      537        0
//   SCF                                      3        0     3262       17       13       39        0
//  
//   -----------------------------------------TOTALS---------------------------------------------------
//                                     PLACEMENTS   ARRAYS  POLYGONS   PATHS    TEXT   PROPERTY   NODES
//   --------------------------------------------------------------------------------------------------
//   UNIQUE CELLS 11                         11        0    13019      473      469      820        0
//   --------------------------------------------------------------------------------------------------
//   ERRORS:0  WARNINGS:0
//   --------------------------------------------------------------------------------------------------
//  Total time for write_gdsii: cpu=00000.01 secs    wall=00000.01 secs
