//  
//   --------------------------------------------------------------------------------------------------
//   -----                        GDSII STREAM DATA FOR TRANSLATED CELLS                          -----
//   --------------------------------------------------------------------------------------------------
//        CELL NAME                    PLACEMENTS   ARRAYS  POLYGONS   PATHS    TEXT   PROPERTY   NODES
//   --------------------------------------------------------------------------------------------------
//   M3M4                                     0        0        3        0        0        0        0
//   M2M3                                     0        0        3        0        0        0        0
//   M1M2                                     0        0        3        0        0        0        0
//   MPOLY                                    0        0        3        0        0        0        0
//   inv_X8                                   0        0       78        8       18       28        0
//   inv_X4                                   0        0       58        4       16       22        0
//   inv_X2                                   0        0       54        0       16       22        0
//   nand_X4                                  0        0       77       13       19       29        0
//   PHASE_GEN                               21        0       27       21        0       21        0
//  
//   -----------------------------------------TOTALS---------------------------------------------------
//                                     PLACEMENTS   ARRAYS  POLYGONS   PATHS    TEXT   PROPERTY   NODES
//   --------------------------------------------------------------------------------------------------
//   UNIQUE CELLS 9                          21        0      306       46       69      122        0
//   --------------------------------------------------------------------------------------------------
//   ERRORS:0  WARNINGS:0
//   --------------------------------------------------------------------------------------------------
//  Total time for write_gdsii: cpu=00000.00 secs    wall=00000.00 secs
