//  
//   --------------------------------------------------------------------------------------------------
//   -----                        GDSII STREAM DATA FOR TRANSLATED CELLS                          -----
//   --------------------------------------------------------------------------------------------------
//        CELL NAME                    PLACEMENTS   ARRAYS  POLYGONS   PATHS    TEXT   PROPERTY   NODES
//   --------------------------------------------------------------------------------------------------
//   M2M3                                     0        0        3        0        0        0        0
//   M1M2                                     0        0        3        0        0        0        0
//   MPOLY                                    0        0        3        0        0        0        0
//   switch_X4                                0        0      163       30       35       57        0
//   M5M6                                     0        0        3        0        0        0        0
//   M4M5                                     0        0        3        0        0        0        0
//   M3M4                                     0        0        3        0        0        0        0
//   SCF_dcmfb                                8        0     3281       38       47       41        0
//  
//   -----------------------------------------TOTALS---------------------------------------------------
//                                     PLACEMENTS   ARRAYS  POLYGONS   PATHS    TEXT   PROPERTY   NODES
//   --------------------------------------------------------------------------------------------------
//   UNIQUE CELLS 8                           8        0     3462       68       82       98        0
//   --------------------------------------------------------------------------------------------------
//   ERRORS:0  WARNINGS:0
//   --------------------------------------------------------------------------------------------------
//  Total time for write_gdsii: cpu=00000.00 secs    wall=00000.00 secs
