//  
//   --------------------------------------------------------------------------------------------------
//   -----                        GDSII STREAM DATA FOR TRANSLATED CELLS                          -----
//   --------------------------------------------------------------------------------------------------
//        CELL NAME                    PLACEMENTS   ARRAYS  POLYGONS   PATHS    TEXT   PROPERTY   NODES
//   --------------------------------------------------------------------------------------------------
//   M4M5                                     0        0        3        0        0        0        0
//   M3M4                                     0        0        3        0        0        0        0
//   M2M3                                     0        0        3        0        0        0        0
//   MPOLY                                    0        0        3        0        0        0        0
//   M1M2                                     0        0        3        0        0        0        0
//   SCF_ota                                  0        0     8831      749      505      991        0
//  
//   -----------------------------------------TOTALS---------------------------------------------------
//                                     PLACEMENTS   ARRAYS  POLYGONS   PATHS    TEXT   PROPERTY   NODES
//   --------------------------------------------------------------------------------------------------
//   UNIQUE CELLS 6                           0        0     8846      749      505      991        0
//   --------------------------------------------------------------------------------------------------
//   ERRORS:0  WARNINGS:0
//   --------------------------------------------------------------------------------------------------
//  Total time for write_gdsii: cpu=00000.01 secs    wall=00000.01 secs
